<?xml version="1.0" encoding="UTF-8"?>
<!-- Generated by org.testng.reporters.JUnitXMLReporter -->
<testsuite ignored="0" hostname="Priyadarshini" failures="1" tests="4" name="Test" time="4.025" errors="0" timestamp="2022-10-20T13:23:10 IST">
  <testcase classname="baseClass.BaseClass" name="OpenBrowser" time="3.75"/>
  <testcase classname="baseClass.BaseClass" name="CheckReleaseDate" time="0.094"/>
  <testcase classname="baseClass.BaseClass" name="CheckReleaseCountry" time="0.0">
    <failure type="org.testng.TestNGException" message="
Cannot inject @Test annotated Method [CheckReleaseCountry] with [interface org.openqa.selenium.WebElement].
For more information on native dependency injection please refer to https://testng.org/doc/documentation-main.html#native-dependency-injection">
      <![CDATA[org.testng.TestNGException: 
Cannot inject @Test annotated Method [CheckReleaseCountry] with [interface org.openqa.selenium.WebElement].
For more information on native dependency injection please refer to https://testng.org/doc/documentation-main.html#native-dependency-injection
at java.base/java.util.ArrayList.forEach(ArrayList.java:1511)
... Removed 26 stack frames]]>
    </failure>
  </testcase> <!-- CheckReleaseCountry -->
  <testcase classname="baseClass.BaseClass" name="closeBrowser" time="0.126"/>
</testsuite> <!-- Test -->
