<?xml version="1.0" encoding="UTF-8"?>
<!-- Generated by org.testng.reporters.JUnitXMLReporter -->
<testsuite ignored="0" hostname="Priyadarshini" failures="0" tests="4" name="Default test" time="8.49" errors="0" timestamp="2022-10-20T18:20:42 IST">
  <testcase classname="baseClass.BaseClass" name="OpenBrowser" time="7.753"/>
  <testcase classname="baseClass.BaseClass" name="CheckReleaseDate" time="0.199"/>
  <testcase classname="baseClass.BaseClass" name="CheckReleaseCountryName" time="0.1"/>
  <testcase classname="baseClass.BaseClass" name="closeBrowser" time="0.325"/>
</testsuite> <!-- Default test -->
